 ****** HSPICE -- C-2009.09 32-BIT (Aug 24 2009) winnt ******                   
  Copyright (C) 2009 Synopsys, Inc. All Rights Reserved.                        
  Unpublished-rights reserved under US copyright laws.
  This program is protected by law and is subject to the 
  terms and conditions of the license agreement from Synopsys.
  Use of this program is your acceptance to be bound by the 
  license agreement. HSPICE is the trademark of Synopsys, Inc.
  Input File: d:\vlsi_homework\final\24t_csff\power_consumption\pvt_2\24t_csff.s
  lic:  
  lic: FLEXlm: v8.5b 
  lic: USER:    ZZJ                 HOSTNAME: LAPTOP-CH7L8TQ9 
  lic: HOSTID: "f430b9ae4e60 00ff66c6b359 5413792f7072 005056c00001 005056c00008
  
  lic: Using FLEXlm license file: 
  lic: 27000@localhost 
  lic: Checkout 1 hspice 
  lic: License/Maintenance for hspice will expire on 31-dec-2028/2008.120 
  lic: FLOATING license(s) on SERVER localhost 
  lic:   
 Init: read install configuration file: F:\synopsys\Hspice_C-2009.09\meta.cfg
  **warning** (F:\synopsys\library_40\l0040ll_v1p4_1r.mdl:6)  associated with encrypted blocks were suppressed due to encrypted content
1****** HSPICE -- C-2009.09 32-BIT (Aug 24 2009) winnt ******                   
 ******  
 24t-csff

  ******  circuit name directory
 circuit number to circuit name directory
   number circuitname                     definition         multiplier
        0 main circuit
        1 x_inv1.                         inv_test           1.00 
        2 x_inv2.                         inv_test           1.00 
        9 x_master_i1.                    inv_d              1.00 
       19 x_slave_i2.                     inv_d              1.00 
       20 x_slave_i3.                     inv_d              1.00 
  **warning** (d:\vlsi_homework\final\24t_csff\power_consumption\pvt_2\24t_csff.sp:32) dc voltage reset to initial transient source value              in source        0:vin1                new dc=  0.0000D+00
 
 **warning**  no dc path to ground from node        0:in               defined in subckt 0               now it is connected with gdcpath


      
 **diagnostic** set option symb=1 internally to help for convergence.
 *****************************************************************
 ******  option summary
 ******
 runlvl  = 6         bypass  = 2         
  Opening plot unit= 79
 file=d:\vlsi_homework\final\24t_csff\power_consumption\pvt_2\24t_csff.pa0     

1****** HSPICE -- C-2009.09 32-BIT (Aug 24 2009) winnt ******                   
 ******  
 24t-csff

  ******  operating point information tnom=  25.000 temp=  25.000 *****
 ***** operating point status is voltage   simulation time is     0.     
     node    =voltage       node    =voltage       node    =voltage

 + 0:ck      =   0.       0:cs      = 549.9987m  0:csu_1   =   3.6960u
 + 0:csu_2   = 442.5000m  0:csu_3   =   2.8725u  0:d       = 781.0750n
 + 0:di      =   1.1750u  0:dn      = 549.9983m  0:in      = 111.6723m
 + 0:master_1= 549.9991m  0:master_2= 549.9986m  0:q       = 549.9994m
 + 0:qi      = 549.9994m  0:qn      =   4.9179u  0:slave_1 =   2.4569u
 + 0:slave_2 = 100.4819m  0:test_1  = 549.8904m  0:vdd     = 550.0000m
 + 0:vnw     = 550.0000m  0:vpw     =   0.       0:vss     =   0.     


          ***** job concluded
1****** HSPICE -- C-2009.09 32-BIT (Aug 24 2009) winnt ******                   
 ******  
 24t-csff

  ******  job statistics summary tnom=  25.000 temp=  25.000 *****

  ******  HSPICE Threads Information  ******

  Command Line Threads Count                  :     1
  Available CPU Count                         :     4
  Actual Model Evaluation(Load) Threads Count :     1
  Actual Solver Threads Count                 :     1


  ******  Circuit Statistics  ******
  # nodes       =      78 # elements   =      34
  # resistors   =       0 # capacitors =       1 # inductors   =       0
  # mutual_inds =       0 # vccs       =       0 # vcvs        =       0
  # cccs        =       0 # ccvs       =       0 # volt_srcs   =       5
  # curr_srcs   =       0 # diodes     =       0 # bjts        =       0
  # jfets       =       0 # mosfets    =      28 # U elements  =       0
  # T elements  =       0 # W elements =       0 # B elements  =       0
  # S elements  =       0 # P elements =       0 # va device   =       0


  ******  Runtime Statistics (seconds)  ******

  analysis           time    # points   tot. iter  conv.iter
  op point           0.03           1          28
  readin             0.09
  errchk             0.03
  setup              0.02
  output             0.00


           total memory used          676  kbytes
           total cpu time            0.17 seconds
           total elapsed time        0.26 seconds
           job started at     23:16:42 05/25/2020
           job ended   at     23:16:42 05/25/2020


  **warning** (F:\synopsys\library_40\l0040ll_v1p4_1r.mdl:6)  associated with encrypted blocks were suppressed due to encrypted content
1****** HSPICE -- C-2009.09 32-BIT (Aug 24 2009) winnt ******                   
 ******  
 static

  ******  circuit name directory
 circuit number to circuit name directory
   number circuitname                     definition         multiplier
        0 main circuit
        1 x_inv1.                         inv_test           1.00 
        2 x_inv2.                         inv_test           1.00 
        9 x_master_i1.                    inv_d              1.00 
       19 x_slave_i2.                     inv_d              1.00 
       20 x_slave_i3.                     inv_d              1.00 
  **warning** (d:\vlsi_homework\final\24t_csff\power_consumption\pvt_2\24t_csff.sp:32) dc voltage reset to initial transient source value              in source        0:vin1                new dc=  0.0000D+00
 
      
 **diagnostic** set option symb=1 internally to help for convergence.
 *****************************************************************
 ******  option summary
 ******
 runlvl  = 6         bypass  = 2         
  Opening plot unit= 79
 file=d:\vlsi_homework\final\24t_csff\power_consumption\pvt_2\24t_csff.pa1     

1****** HSPICE -- C-2009.09 32-BIT (Aug 24 2009) winnt ******                   
 ******  
 static

  ******  operating point information tnom=  25.000 temp=  25.000 *****
 ***** operating point status is voltage   simulation time is     0.     
     node    =voltage       node    =voltage       node    =voltage

 + 0:ck      =   0.       0:cs      = 550.0000m  0:csu_1   = 219.9093m
 + 0:csu_2   = 436.4569m  0:csu_3   = 219.8373m  0:d       = 777.8699n
 + 0:di      =   1.1750u  0:dn      = 549.9979m  0:in      =   0.     
 + 0:master_1= 549.9989m  0:master_2= 549.9994m  0:q       = 278.3355m
 + 0:qi      = 278.3360m  0:qn      = 279.2076m  0:slave_1 =  39.0271m
 + 0:slave_2 = 334.1917m  0:test_1  = 549.9992m  0:vdd     = 550.0000m
 + 0:vnw     = 550.0000m  0:vpw     =   0.       0:vss     =   0.     

 ******  
 static

  ******  transient analysis tnom=  25.000 temp=  25.000 *****
   p_avg=  3.5721E-10  from=  0.0000E+00     to=  1.0000E-04

          ***** job concluded
1****** HSPICE -- C-2009.09 32-BIT (Aug 24 2009) winnt ******                   
 ******  
 static

  ******  job statistics summary tnom=  25.000 temp=  25.000 *****

  ******  HSPICE Threads Information  ******

  Command Line Threads Count                  :     1
  Available CPU Count                         :     4
  Actual Model Evaluation(Load) Threads Count :     1
  Actual Solver Threads Count                 :     1


  ******  Circuit Statistics  ******
  # nodes       =      78 # elements   =      35
  # resistors   =       0 # capacitors =       1 # inductors   =       0
  # mutual_inds =       0 # vccs       =       0 # vcvs        =       0
  # cccs        =       0 # ccvs       =       0 # volt_srcs   =       6
  # curr_srcs   =       0 # diodes     =       0 # bjts        =       0
  # jfets       =       0 # mosfets    =      28 # U elements  =       0
  # T elements  =       0 # W elements =       0 # B elements  =       0
  # S elements  =       0 # P elements =       0 # va device   =       0


  ******  Runtime Statistics (seconds)  ******

  analysis           time    # points   tot. iter  conv.iter
  op point           0.02           1          13
  transient         14.86    10000001      199437       78152 rev=      6025
  readin             0.12
  errchk             0.03
  setup              0.02
  output             0.00


           total memory used          671  kbytes
           total cpu time           15.07 seconds
           total elapsed time       15.10 seconds
           job started at     23:16:42 05/25/2020
           job ended   at     23:16:58 05/25/2020


  **warning** (F:\synopsys\library_40\l0040ll_v1p4_1r.mdl:6)  associated with encrypted blocks were suppressed due to encrypted content
1****** HSPICE -- C-2009.09 32-BIT (Aug 24 2009) winnt ******                   
 ******  
 dynamic

  ******  circuit name directory
 circuit number to circuit name directory
   number circuitname                     definition         multiplier
        0 main circuit
        1 x_inv1.                         inv_test           1.00 
        2 x_inv2.                         inv_test           1.00 
        9 x_master_i1.                    inv_d              1.00 
       19 x_slave_i2.                     inv_d              1.00 
       20 x_slave_i3.                     inv_d              1.00 

**warning**:NO.   2 tran analysis statement is duplicate, ignored!
  **warning** (d:\vlsi_homework\final\24t_csff\power_consumption\pvt_2\24t_csff.sp:32) dc voltage reset to initial transient source value              in source        0:vin1                new dc=  0.0000D+00
 
      
 **diagnostic** set option symb=1 internally to help for convergence.
 *****************************************************************
 ******  option summary
 ******
 runlvl  = 6         bypass  = 2         
  Opening plot unit= 79
 file=d:\vlsi_homework\final\24t_csff\power_consumption\pvt_2\24t_csff.pa2     

1****** HSPICE -- C-2009.09 32-BIT (Aug 24 2009) winnt ******                   
 ******  
 dynamic

  ******  operating point information tnom=  25.000 temp=  25.000 *****
 ***** operating point status is voltage   simulation time is     0.     
     node    =voltage       node    =voltage       node    =voltage

 + 0:ck      =   0.       0:cs      = 550.0000m  0:csu_1   = 219.9093m
 + 0:csu_2   = 436.4569m  0:csu_3   = 219.8373m  0:d       = 777.8699n
 + 0:di      =   1.1750u  0:dn      = 549.9979m  0:in      =   0.     
 + 0:master_1= 549.9989m  0:master_2= 549.9994m  0:q       = 278.3355m
 + 0:qi      = 278.3360m  0:qn      = 279.2076m  0:slave_1 =  39.0271m
 + 0:slave_2 = 334.1917m  0:test_1  = 549.9992m  0:vdd     = 550.0000m
 + 0:vnw     = 550.0000m  0:vpw     =   0.       0:vss     =   0.     

 ******  
 dynamic

  ******  transient analysis tnom=  25.000 temp=  25.000 *****
   p_avg=  1.1274E-08  from=  0.0000E+00     to=  1.0000E-04

          ***** job concluded
1****** HSPICE -- C-2009.09 32-BIT (Aug 24 2009) winnt ******                   
 ******  
 dynamic

  ******  job statistics summary tnom=  25.000 temp=  25.000 *****

  ******  HSPICE Threads Information  ******

  Command Line Threads Count                  :     1
  Available CPU Count                         :     4
  Actual Model Evaluation(Load) Threads Count :     1
  Actual Solver Threads Count                 :     1


  ******  Circuit Statistics  ******
  # nodes       =      78 # elements   =      35
  # resistors   =       0 # capacitors =       1 # inductors   =       0
  # mutual_inds =       0 # vccs       =       0 # vcvs        =       0
  # cccs        =       0 # ccvs       =       0 # volt_srcs   =       6
  # curr_srcs   =       0 # diodes     =       0 # bjts        =       0
  # jfets       =       0 # mosfets    =      28 # U elements  =       0
  # T elements  =       0 # W elements =       0 # B elements  =       0
  # S elements  =       0 # P elements =       0 # va device   =       0


  ******  Runtime Statistics (seconds)  ******

  analysis           time    # points   tot. iter  conv.iter
  op point           0.01           1          13
  transient         36.06    10000001      478828      167976 rev=     14680
  readin             0.09
  errchk             0.03
  setup              0.01
  output             0.00


           total memory used          704  kbytes
           total cpu time           36.23 seconds
           total elapsed time       36.27 seconds
           job started at     23:16:42 05/25/2020
           job ended   at     23:17:34 05/25/2020


  lic: Release hspice token(s) 
